=== 2026-05-08 21:00:03 ===
[00981A] fetch...
正在抓取 MoneyDJ 00981A 持股資料…
已儲存快照 #26：資料日期 2026-05-08，共 50 支持股

比較：2026-05-07 → 2026-05-08
───────────────────────────────────────────────────────

【比例/股數變化】43 支
  名稱                   舊比例      新比例       變化           舊股數           新股數
  ───────────────  ───────  ───────  ───────  ────────────  ────────────
  緯穎                 3.26%    4.00%   +0.74%     1,819,000     2,047,000
  金居                 0.96%    0.34%   -0.62%     5,558,000     1,980,000
  頎邦                 0.56%    0.00%   -0.56%     7,985,000         1,000
  聯發科                5.60%    6.09%   +0.49%     4,463,000     4,463,000
  南電                 4.40%    4.06%   -0.34%    12,658,000    12,658,000
  旺矽                 3.55%    3.88%   +0.33%     1,922,000     2,054,000
  景碩                 0.97%    0.64%   -0.33%     5,360,000     3,744,000
  智邦                 5.85%    5.56%   -0.29%     6,231,000     6,231,000
  金像電                4.39%    4.13%   -0.26%     8,260,000     8,260,000
  奇鋐                 3.61%    3.86%   +0.25%     4,082,000     4,202,000
  欣興                 3.41%    3.19%   -0.22%    10,387,000    10,387,000
  國巨*                2.35%    2.52%   +0.17%    17,221,000    17,221,000
  台光電                8.38%    8.22%   -0.16%     4,605,000     4,605,000
  台積電                9.62%    9.78%   +0.16%    11,359,000    11,359,000
  漢唐                 0.40%    0.53%   +0.13%     1,093,000     1,394,000
  健策                 3.22%    3.11%   -0.11%     2,267,000     2,267,000
  京元電子               1.61%    1.51%   -0.10%    12,919,000    12,919,000
  勤誠                 0.73%    0.82%   +0.09%     1,540,000     1,540,000
  信驊                 3.17%    3.08%   -0.09%       483,000       483,000
  富世達                1.24%    1.31%   +0.07%     1,761,000     1,761,000
  貿聯-KY              4.80%    4.86%   +0.06%     4,703,848     4,703,848
  日月光投控              2.74%    2.68%   -0.06%    13,833,000    13,833,000
  台燿                 2.20%    2.14%   -0.06%     4,151,000     4,151,000
  欣銓                 0.82%    0.76%   -0.06%     9,030,000     9,030,000
  台達電                5.49%    5.44%   -0.05%     6,572,000     6,572,000
  聯電                 1.64%    1.59%   -0.05%    46,374,000    46,374,000
  創意                 1.53%    1.50%   -0.03%       764,000       764,000
  譜瑞-KY              0.09%    0.12%   +0.03%       386,000       486,000
  華碩                 0.47%    0.49%   +0.02%     1,996,000     1,996,000
  世芯-KY              0.52%    0.54%   +0.02%       296,000       296,000
  萬潤                 0.51%    0.49%   -0.02%     1,224,000     1,224,000
  精測                 1.27%    1.25%   -0.02%       930,000       930,000
  高力                 0.41%    0.39%   -0.02%     1,034,000     1,034,000
  南茂                 0.41%    0.39%   -0.02%    11,334,000    11,334,000
  高技                 0.48%    0.47%   -0.01%     3,228,000     3,228,000
  新日興                0.14%    0.13%   -0.01%     1,741,000     1,741,000
  華通                 0.24%    0.25%   +0.01%     2,624,000     2,624,000
  亞德客-KY             0.29%    0.30%   +0.01%       530,000       530,000
  鴻海                 1.32%    1.33%   +0.01%    14,177,000    14,177,000
  東陽                 0.01%    0.02%   +0.01%       511,000       511,000
  矽力*-KY             0.10%    0.11%   +0.01%       660,000       660,000
  精成科                0.15%    0.14%   -0.01%     3,988,000     3,988,000
  世界                 0.00%    0.00%   +0.00%        63,000         1,000
HTML saved: /Users/mykerwu/Library/Mobile Documents/com~apple~CloudDocs/ETF_00981A/holdings.html
File size: 81.1 KB
[00992A] fetch...
正在抓取 MoneyDJ 00992A 持股資料…
已儲存快照 #2：資料日期 2026-05-08，共 46 支持股

比較：2026-05-07 → 2026-05-08
───────────────────────────────────────────────────────

【比例/股數變化】42 支
  名稱                   舊比例      新比例       變化           舊股數           新股數
  ───────────────  ───────  ───────  ───────  ────────────  ────────────
  光聖                 3.17%    2.08%   -1.09%       785,000       535,000
  緯穎                 4.37%    4.78%   +0.41%       465,000       465,000
  川湖                 2.41%    2.71%   +0.30%       258,000       258,000
  欣興                 3.97%    3.72%   -0.25%     2,302,000     2,302,000
  世芯-KY              3.63%    3.80%   +0.17%       393,000       393,000
  智邦                 3.53%    3.36%   -0.17%       716,000       716,000
  南電                 2.02%    1.87%   -0.15%     1,108,000     1,108,000
  群聯                 3.27%    3.41%   +0.14%       711,000       711,000
  台積電                7.84%    7.97%   +0.13%     1,761,000     1,761,000
  竑騰                 1.61%    1.49%   -0.12%       388,000       388,000
  金像電                1.87%    1.76%   -0.11%       669,000       669,000
  高力                 3.50%    3.39%   -0.11%     1,689,000     1,689,000
  聯發科                1.19%    1.29%   +0.10%       180,000       180,000
  奇鋐                 2.33%    2.42%   +0.09%       501,000       501,000
  台光電                5.13%    5.04%   -0.09%       537,000       537,000
  波若威                1.93%    1.84%   -0.09%       923,000       923,000
  創意                 3.78%    3.70%   -0.08%       360,000       360,000
  旺矽                 2.80%    2.87%   +0.07%       289,000       289,000
  嘉澤                 2.57%    2.50%   -0.07%       468,000       468,000
  文曄                 0.50%    0.56%   +0.06%     1,177,000     1,177,000
  南俊國際               1.83%    1.77%   -0.06%     1,337,000     1,337,000
  貿聯-KY              3.57%    3.62%   +0.05%       667,000       667,000
  台燿                 1.77%    1.72%   -0.05%       636,000       636,000
  健策                 1.47%    1.42%   -0.05%       197,000       197,000
  精測                 3.03%    2.98%   -0.05%       422,000       422,000
  鴻勁                 2.18%    2.22%   +0.04%       194,000       194,000
  環宇-KY              0.92%    0.88%   -0.04%       692,000       692,000
  弘塑                 0.93%    0.89%   -0.04%       154,000       154,000
  信驊                 1.55%    1.51%   -0.04%        45,000        45,000
  致茂                 2.18%    2.15%   -0.03%       487,000       487,000
  南亞科                1.81%    1.78%   -0.03%     3,280,000     3,280,000
  愛普*                1.25%    1.22%   -0.03%       703,000       703,000
  穩懋                 3.31%    3.34%   +0.03%     3,433,000     3,433,000
  旺宏                 0.40%    0.38%   -0.02%     1,271,000     1,271,000
  聯亞                 1.95%    1.97%   +0.02%       380,000       380,000
  台達電                1.57%    1.55%   -0.02%       357,000       357,000
  昇達科                0.30%    0.32%   +0.02%        97,000        97,000
  宜鼎                 0.43%    0.45%   +0.02%       142,000       142,000
  景碩                 0.46%    0.44%   -0.02%       486,013       486,013
  華邦電                0.20%    0.19%   -0.01%       893,000       893,000
  全新                 1.27%    1.28%   +0.01%     1,927,000     1,927,000
  雙鴻                 0.31%    0.32%   +0.01%       151,000       151,000
HTML saved: /Users/mykerwu/Library/Mobile Documents/com~apple~CloudDocs/ETF_00981A/holdings_00992A.html
File size: 26.3 KB
=== done ===
